==============================================================================
Rolex                                                                         
==============================================================================
Rolex.Rolex copy 2 :: Phone Charger                                           
==============================================================================
loop                                                                    
  Traceback (most recent call last):
    ~~~~~~~~~~~~~~~~~~~~~~~~~~~~~~~~~~~~~~~~~~~~~~~~~~~~~~~~~~~~~~~~~~~~~~~~~~
    File  C:\Users\Porhong\Desktop\Attc\Att\Rolex\Rolex copy 2.robot:14
    T:  loop    
    ~~~~~~~~~~~~~~~~~~~~~~~~~~~~~~~~~~~~~~~~~~~~~~~~~~~~~~~~~~~~~~~~~~~~~~~~~~
    File  C:\Users\Porhong\Desktop\Attc\Att\Rolex\Rolex copy 2.robot:18
      True    
    ~~~~~~~~~~~~~~~~~~~~~~~~~~~~~~~~~~~~~~~~~~~~~~~~~~~~~~~~~~~~~~~~~~~~~~~~~~
    File  C:\Users\Porhong\Desktop\Attc\Att\Rolex\Rolex copy 2.robot:18
          
    ~~~~~~~~~~~~~~~~~~~~~~~~~~~~~~~~~~~~~~~~~~~~~~~~~~~~~~~~~~~~~~~~~~~~~~~~~~
    File  C:\Users\Porhong\Desktop\Attc\Att\Rolex\Rolex copy 2.robot:34
      Wait Until Element Is Visible    (//h3[contains(text(),'Thank you')])[1]
______________________________________________________________________________
| FAIL |
Element '(//h3[contains(text(),'Thank you')])[1]' not visible after 5 seconds.
------------------------------------------------------------------------------
Rolex.Rolex copy 2 :: Phone Charger                                   | FAIL |
1 task, 0 passed, 1 failed
==============================================================================
Rolex                                                                 | FAIL |
1 task, 0 passed, 1 failed
==============================================================================
Output:  C:\Users\Porhong\Desktop\Attc\Att\pabot_results\2\output.xml
