==============================================================================
Tasks                                                                         
==============================================================================
Tasks.Phone Chager :: Phone Charger                                           
==============================================================================
loop                                                                  | FAIL |
NoSuchWindowException: Message: no such window: target window already closed
from unknown error: web view not found
  (Session info: chrome=118.0.5993.118)
Stacktrace:
	GetHandleVerifier [0x00007FF67ED77862+54818]
	(No symbol) [0x00007FF67ECE6A92]
	(No symbol) [0x00007FF67EB9DA3B]
	(No symbol) [0x00007FF67EB7DEE8]
	(No symbol) [0x00007FF67EC03237]
	(No symbol) [0x00007FF67EC16C6F]
	(No symbol) [0x00007FF67EBFE883]
	(No symbol) [0x00007FF67EBD3691]
	(No symbol) [0x00007FF67EBD48D4]
	GetHandleVerifier [0x00007FF67F0DB962+3610402]
	GetHandleVerifier [0x00007FF67F131830+3962352]
	GetHandleVerifier [0x00007FF67F129D1F+3930847]
	GetHandleVerifier [0x00007FF67EE13616+693206]
	(No symbol) [0x00007FF67ECF15F8]
	(No symbol) [0x00007FF67ECED904]
	(No symbol) [0x00007FF67ECEDA32]
	(No symbol) [0x00007FF67ECDE0E3]
	BaseThreadInitThunk [0x00007FFA39377344+20]
	RtlUserThreadStart [0x00007FFA3A9C26B1+33]
------------------------------------------------------------------------------
Tasks.Phone Chager :: Phone Charger                                   | FAIL |
1 task, 0 passed, 1 failed
==============================================================================
Tasks                                                                 | FAIL |
1 task, 0 passed, 1 failed
==============================================================================
Output:  C:\Users\AW-Tester\Desktop\Att\pabot_results\0\output.xml
