==============================================================================
Tasks                                                                         
==============================================================================
Tasks.Rolex :: Phone Charger                                                  
==============================================================================
loop                                                                    
  Traceback (most recent call last):
    ~~~~~~~~~~~~~~~~~~~~~~~~~~~~~~~~~~~~~~~~~~~~~~~~~~~~~~~~~~~~~~~~~~~~~~~~~~
    File  C:\Users\AW-Tester\Desktop\Att\Tasks\Rolex.robot:14
    T:  loop    
    ~~~~~~~~~~~~~~~~~~~~~~~~~~~~~~~~~~~~~~~~~~~~~~~~~~~~~~~~~~~~~~~~~~~~~~~~~~
    File  C:\Users\AW-Tester\Desktop\Att\Tasks\Rolex.robot:18
      True    
    ~~~~~~~~~~~~~~~~~~~~~~~~~~~~~~~~~~~~~~~~~~~~~~~~~~~~~~~~~~~~~~~~~~~~~~~~~~
    File  C:\Users\AW-Tester\Desktop\Att\Tasks\Rolex.robot:18
          
    ~~~~~~~~~~~~~~~~~~~~~~~~~~~~~~~~~~~~~~~~~~~~~~~~~~~~~~~~~~~~~~~~~~~~~~~~~~
    File  C:\Users\AW-Tester\Desktop\Att\Tasks\Rolex.robot:36
      Go To    ${LOGIN URL}
      |  ${LOGIN URL} = https://www.rolexoffice.asia/rolex-datejust-yellow-gold-diamonds?fbclid=IwAR1BuIXDKEf24Z7_ZPyX-ol4g2rRBUrf88QsNCfP687wiAdf628qoIF_l0U&utm_campaign=po8%20-%20rolex%20yellow%20gold%20-%201%20-%20cam (str)
______________________________________________________________________________
| FAIL |
NoSuchWindowException: Message: no such window: target window already closed
from unknown error: web view not found
  (Session info: chrome=118.0.5993.118)
Stacktrace:
	GetHandleVerifier [0x00007FF67ED77862+54818]
	(No symbol) [0x00007FF67ECE6A92]
	(No symbol) [0x00007FF67EB9DA3B]
	(No symbol) [0x00007FF67EB7DEE8]
	(No symbol) [0x00007FF67EC03237]
	(No symbol) [0x00007FF67EC16C6F]
	(No symbol) [0x00007FF67EBFE883]
	(No symbol) [0x00007FF67EBD3691]
	(No symbol) [0x00007FF67EBD48D4]
	GetHandleVerifier [0x00007FF67F0DB962+3610402]
	GetHandleVerifier [0x00007FF67F131830+3962352]
	GetHandleVerifier [0x00007FF67F129D1F+3930847]
	GetHandleVerifier [0x00007FF67EE13616+693206]
	(No symbol) [0x00007FF67ECF15F8]
	(No symbol) [0x00007FF67ECED904]
	(No symbol) [0x00007FF67ECEDA32]
	(No symbol) [0x00007FF67ECDE0E3]
	BaseThreadInitThunk [0x00007FFA39377344+20]
	RtlUserThreadStart [0x00007FFA3A9C26B1+33]
------------------------------------------------------------------------------
Tasks.Rolex :: Phone Charger                                          | FAIL |
1 task, 0 passed, 1 failed
==============================================================================
Tasks                                                                 | FAIL |
1 task, 0 passed, 1 failed
==============================================================================
Output:  C:\Users\AW-Tester\Desktop\Att\pabot_results\1\output.xml
